<?xml version="1.0" encoding="UTF-8"?>
<!-- Generated by org.testng.reporters.JUnitXMLReporter -->
<testsuite hostname="LNGSHAL-025" name="Default test" tests="11" failures="0" timestamp="23 Feb 2016 05:09:19 GMT" time="0.321" errors="0">
  <testcase name="@BeforeTest beforeTest" time="0.0" classname="com.appium.Android_testcase.Demo">
    <failure type="org.testng.TestNGException" message="
Parameter &amp;apos;userName&amp;apos; is required by @Configuration on method beforeTest but has not been marked @Optional or defined
in C:\Users\zuorx\AppData\Local\Temp\testng-eclipse--597263934\testng-customsuite.xml">
      <![CDATA[org.testng.TestNGException: 
Parameter 'userName' is required by @Configuration on method beforeTest but has not been marked @Optional or defined
in C:\Users\zuorx\AppData\Local\Temp\testng-eclipse--597263934\testng-customsuite.xml
	at org.testng.internal.Parameters.createParameters(Parameters.java:154)
	at org.testng.internal.Parameters.createParameters(Parameters.java:361)
	at org.testng.internal.Parameters.createConfigurationParameters(Parameters.java:84)
	at org.testng.internal.Invoker.invokeConfigurations(Invoker.java:201)
	at org.testng.internal.Invoker.invokeConfigurations(Invoker.java:142)
	at org.testng.TestRunner.beforeRun(TestRunner.java:656)
	at org.testng.TestRunner.run(TestRunner.java:624)
	at org.testng.SuiteRunner.runTest(SuiteRunner.java:366)
	at org.testng.SuiteRunner.runSequentially(SuiteRunner.java:361)
	at org.testng.SuiteRunner.privateRun(SuiteRunner.java:319)
	at org.testng.SuiteRunner.run(SuiteRunner.java:268)
	at org.testng.SuiteRunnerWorker.runSuite(SuiteRunnerWorker.java:52)
	at org.testng.SuiteRunnerWorker.run(SuiteRunnerWorker.java:86)
	at org.testng.TestNG.runSuitesSequentially(TestNG.java:1244)
	at org.testng.TestNG.runSuitesLocally(TestNG.java:1169)
	at org.testng.TestNG.run(TestNG.java:1064)
	at org.testng.remote.RemoteTestNG.run(RemoteTestNG.java:113)
	at org.testng.remote.RemoteTestNG.initAndRun(RemoteTestNG.java:206)
	at org.testng.remote.RemoteTestNG.main(RemoteTestNG.java:177)
]]>
    </failure>
  </testcase> <!-- @BeforeTest beforeTest -->
  <testcase name="@AfterTest afterTest" time="0.0" classname="com.appium.Android_testcase.Demo">
    <skipped/>
  </testcase> <!-- @AfterTest afterTest -->
  <testcase name="login" time="0.007" classname="com.appium.Android_testcase.Demo">
    <skipped/>
  </testcase> <!-- login -->
  <testcase name="download" time="0.0" classname="com.appium.Android_testcase.Demo">
    <skipped/>
  </testcase> <!-- download -->
  <testcase name="contact" time="0.0" classname="com.appium.Android_testcase.Demo">
    <skipped/>
  </testcase> <!-- contact -->
  <testcase name="filterPublication" time="0.0" classname="com.appium.Android_testcase.Demo">
    <skipped/>
  </testcase> <!-- filterPublication -->
  <testcase name="index" time="0.0" classname="com.appium.Android_testcase.Demo">
    <skipped/>
  </testcase> <!-- index -->
  <testcase name="recentHistory" time="0.0" classname="com.appium.Android_testcase.Demo">
    <skipped/>
  </testcase> <!-- recentHistory -->
  <testcase name="TOCHide" time="0.0" classname="com.appium.Android_testcase.Demo">
    <skipped/>
  </testcase> <!-- TOCHide -->
  <testcase name="search" time="0.0" classname="com.appium.Android_testcase.Demo">
    <skipped/>
  </testcase> <!-- search -->
  <testcase name="addAnnotations" time="0.0" classname="com.appium.Android_testcase.Demo">
    <skipped/>
  </testcase> <!-- addAnnotations -->
  <testcase name="filterAnnotaions" time="0.0" classname="com.appium.Android_testcase.Demo">
    <skipped/>
  </testcase> <!-- filterAnnotaions -->
  <testcase name="logout" time="0.0" classname="com.appium.Android_testcase.Demo">
    <skipped/>
  </testcase> <!-- logout -->
</testsuite> <!-- Default test -->
