<html>
<head>
<title>TestNG:  Logout test</title>
<link href="../testng.css" rel="stylesheet" type="text/css" />
<link href="../my-testng.css" rel="stylesheet" type="text/css" />

<style type="text/css">
.log { display: none;} 
.stack-trace { display: none;} 
</style>
<script type="text/javascript">
<!--
function flip(e) {
  current = e.style.display;
  if (current == 'block') {
    e.style.display = 'none';
    return 0;
  }
  else {
    e.style.display = 'block';
    return 1;
  }
}

function toggleBox(szDivId, elem, msg1, msg2)
{
  var res = -1;  if (document.getElementById) {
    res = flip(document.getElementById(szDivId));
  }
  else if (document.all) {
    // this is the way old msie versions work
    res = flip(document.all[szDivId]);
  }
  if(elem) {
    if(res == 0) elem.innerHTML = msg1; else elem.innerHTML = msg2;
  }

}

function toggleAllBoxes() {
  if (document.getElementsByTagName) {
    d = document.getElementsByTagName('div');
    for (i = 0; i < d.length; i++) {
      if (d[i].className == 'log') {
        flip(d[i]);
      }
    }
  }
}

// -->
</script>

</head>
<body>
<h2 align='center'>Logout test</h2><table border='1' align="center">
<tr>
<td>Tests passed/Failed/Skipped:</td><td>0/1/0</td>
</tr><tr>
<td>Started on:</td><td>Wed Mar 09 11:14:08 CST 2016</td>
</tr>
<tr><td>Total time:</td><td>73 seconds (73530 ms)</td>
</tr><tr>
<td>Included groups:</td><td></td>
</tr><tr>
<td>Excluded groups:</td><td></td>
</tr>
</table><p/>
<small><i>(Hover the method name to see the test class name)</i></small><p/>
<table width='100%' border='1' class='invocation-failed'>
<tr><td colspan='4' align='center'><b>FAILED TESTS</b></td></tr>
<tr><td><b>Test method</b></td>
<td width="30%"><b>Exception</b></td>
<td width="10%"><b>Time (seconds)</b></td>
<td><b>Instance</b></td>
</tr>
<tr>
<td title='com.appium.Android_testcase.LogoutTest.logout()'><b>logout</b><br>Test class: com.appium.Android_testcase.LogoutTest<br>Parameters: {HistoryName=007S-Ritchie's Uniform Civil Procedure NSW(10-19), TitleName=007S-Ritchie's Uniform Civil Procedure NSW(10-19), TocName=Difficulties in cross-examining to show innocence, HistoryToc=Difficulties in cross-examining to show innocence}<br/>
<a href="#Output-1962322826" onClick='toggleBox("Output-1962322826", this, "Show output", "Hide output");'>Show output</a>

<a href="#Output-1962322826" onClick="toggleAllBoxes();">Show all outputs</a>
<div class='log' id="Output-1962322826">
<span style="color:#FF7F27"><b>[2016-03-09 11:15:17]  [Fail] Unable find element</b></span><br /><br/>
<span style="color:#FF7F27"><b>[2016-03-09 11:15:17]  org.openqa.selenium.NoSuchElementException: An element could not be located on the page using the given search parameters. (WARNING: The server did not provide any stacktrace information)
Command duration or timeout: 1.44 seconds
For documentation on this error, please visit: http://seleniumhq.org/exceptions/no_such_element.html
Build info: version: '2.46.0', revision: '61506a4624b13675f24581e453592342b7485d71', time: '2015-06-04 10:22:50'
System info: host: 'LNGSHAL-025', ip: '192.168.1.103', os.name: 'Windows 7', os.arch: 'amd64', os.version: '6.1', java.version: '1.7.0_79'
*** Element info: {Using=xpath, value=//android.support.v7.widget.LinearLayoutCompat/android.widget.ImageView}
Session ID: 7b26b5c9-6ce6-4ef7-92e7-80d4b1def266
Driver info: io.appium.java_client.android.AndroidDriver
Capabilities [{platform=LINUX, app=C:\Users\zuorx\workspace\RedUITesting\RedAutoTesting/src/main/resources/LexisNexis.Red.Android.testing.sprint34.apk, javascriptEnabled=true, appActivity=md5fed75c89a50a652dbe276f0759a477a2.LoginActivity, browserName=Android, networkConnectionEnabled=true, desired={app=C:\Users\zuorx\workspace\RedUITesting\RedAutoTesting/src/main/resources/LexisNexis.Red.Android.testing.sprint34.apk, platformVersion=4.2, platformName=Android, deviceName=d1e305c20327af7a	, appActivity=md5fed75c89a50a652dbe276f0759a477a2.LoginActivity, unicodeKeyboard=true, resetKeyboard=true, appPackage=LexisNexis.Red.Android}, locationContextEnabled=false, appPackage=LexisNexis.Red.Android, platformVersion=4.4.2, databaseEnabled=false, deviceName=d1e305c20327af7a, platformName=Android, webStorageEnabled=false, unicodeKeyboard=true, resetKeyboard=true, warnings={}, takesScreenshot=true}]</b></span><br /><br/>
C:\Users\zuorx\workspace\RedUITesting\RedAutoTesting\screenshot\options.png<br/>
<span style="color:#FF7F27"><b>[2016-03-09 11:15:20]  [Fail] Unable to click</b></span><br /><br/>
</div>
</td>
<td><div><pre>java.lang.AssertionError: null
	at com.appium.driver.ElementUtils.click(ElementUtils.java:43)
	at com.appium.Android_page.LogoutPage.logoutTestAndroid(LogoutPage.java:27)
	at com.appium.Android_testcase.LogoutTest.logout(LogoutTest.java:25)
... Removed 26 stack frames</pre></div><a href='#' onClick='toggleBox("stack-trace1962322826", this, "Click to show all stack frames", "Click to hide stack frames")'>Click to show all stack frames</a>
<div class='stack-trace' id='stack-trace1962322826'><pre>java.lang.AssertionError: null
	at org.testng.Assert.fail(Assert.java:94)
	at org.testng.Assert.fail(Assert.java:101)
	at com.appium.driver.ElementUtils.click(ElementUtils.java:43)
	at com.appium.Android_page.LogoutPage.logoutTestAndroid(LogoutPage.java:27)
	at com.appium.Android_testcase.LogoutTest.logout(LogoutTest.java:25)
	at sun.reflect.NativeMethodAccessorImpl.invoke0(Native Method)
	at sun.reflect.NativeMethodAccessorImpl.invoke(Unknown Source)
	at sun.reflect.DelegatingMethodAccessorImpl.invoke(Unknown Source)
	at java.lang.reflect.Method.invoke(Unknown Source)
	at org.testng.internal.MethodInvocationHelper.invokeMethod(MethodInvocationHelper.java:86)
	at org.testng.internal.Invoker.invokeMethod(Invoker.java:643)
	at org.testng.internal.Invoker.invokeTestMethod(Invoker.java:820)
	at org.testng.internal.Invoker.invokeTestMethods(Invoker.java:1128)
	at org.testng.internal.TestMethodWorker.invokeTestMethods(TestMethodWorker.java:129)
	at org.testng.internal.TestMethodWorker.run(TestMethodWorker.java:112)
	at org.testng.TestRunner.privateRun(TestRunner.java:782)
	at org.testng.TestRunner.run(TestRunner.java:632)
	at org.testng.SuiteRunner.runTest(SuiteRunner.java:366)
	at org.testng.SuiteRunner.runSequentially(SuiteRunner.java:361)
	at org.testng.SuiteRunner.privateRun(SuiteRunner.java:319)
	at org.testng.SuiteRunner.run(SuiteRunner.java:268)
	at org.testng.SuiteRunnerWorker.runSuite(SuiteRunnerWorker.java:52)
	at org.testng.SuiteRunnerWorker.run(SuiteRunnerWorker.java:86)
	at org.testng.TestNG.runSuitesSequentially(TestNG.java:1244)
	at org.testng.TestNG.runSuitesLocally(TestNG.java:1169)
	at org.testng.TestNG.run(TestNG.java:1064)
	at org.testng.remote.RemoteTestNG.run(RemoteTestNG.java:113)
	at org.testng.remote.RemoteTestNG.initAndRun(RemoteTestNG.java:206)
	at org.testng.remote.RemoteTestNG.main(RemoteTestNG.java:177)
</pre></div></td>
<td>3</td>
<td>com.appium.Android_testcase.LogoutTest@12fcc66a</td></tr>
</table><p>
</body>
</html>